0 info it worked if it ends with ok
1 verbose cli [ '/usr/bin/node', '/usr/bin/npm', 'install', '-g', 'grunt-cli' ]
2 info using npm@1.3.14
3 info using node@v0.10.22
4 verbose node symlink /usr/bin/node
5 verbose cache add [ 'grunt-cli', null ]
6 verbose cache add name=undefined spec="grunt-cli" args=["grunt-cli",null]
7 verbose parsed url { protocol: null,
7 verbose parsed url   slashes: null,
7 verbose parsed url   auth: null,
7 verbose parsed url   host: null,
7 verbose parsed url   port: null,
7 verbose parsed url   hostname: null,
7 verbose parsed url   hash: null,
7 verbose parsed url   search: null,
7 verbose parsed url   query: null,
7 verbose parsed url   pathname: 'grunt-cli',
7 verbose parsed url   path: 'grunt-cli',
7 verbose parsed url   href: 'grunt-cli' }
8 silly lockFile 671ef8ac-grunt-cli grunt-cli
9 verbose lock grunt-cli /home/melissa/.npm/671ef8ac-grunt-cli.lock
10 silly lockFile 671ef8ac-grunt-cli grunt-cli
11 verbose addNamed [ 'grunt-cli', '' ]
12 verbose addNamed [ null, '*' ]
13 silly lockFile d63f3d0b-grunt-cli grunt-cli@
14 verbose lock grunt-cli@ /home/melissa/.npm/d63f3d0b-grunt-cli.lock
15 silly lockFile d63f3d0b-grunt-cli grunt-cli@
16 error Error: EACCES, open '/home/melissa/.npm/d63f3d0b-grunt-cli.lock'
16 error  { [Error: EACCES, open '/home/melissa/.npm/d63f3d0b-grunt-cli.lock']
16 error   errno: 3,
16 error   code: 'EACCES',
16 error   path: '/home/melissa/.npm/d63f3d0b-grunt-cli.lock' }
17 error Please try running this command again as root/Administrator.
18 error System Linux 3.11.0-14-generic
19 error command "/usr/bin/node" "/usr/bin/npm" "install" "-g" "grunt-cli"
20 error cwd /home/melissa/gmap_events
21 error node -v v0.10.22
22 error npm -v 1.3.14
23 error path /home/melissa/.npm/d63f3d0b-grunt-cli.lock
24 error code EACCES
25 error errno 3
26 error stack Error: EACCES, open '/home/melissa/.npm/d63f3d0b-grunt-cli.lock'
27 verbose exit [ 3, true ]
